2023-08-15 16:32:21,619 - INFO: Application Start
2023-08-15 16:32:22,193 - INFO: change to opertor to viewer
2023-08-15 16:32:33,644 - INFO: New Document
2023-08-15 16:32:33,657 - INFO: New Document End
2023-08-15 16:32:35,217 - INFO: New Data Label 22d22e50-abca-11d4-8f1a-0060b0ee18e8
2023-08-15 16:32:35,219 - INFO: -- NewConmand --
2023-08-15 16:32:35,221 - INFO: -- Add New Shape --
2023-08-15 16:32:35,223 - INFO: Entry:0:1:1, init start
2023-08-15 16:32:35,224 - INFO: BaseInit 0:1:1 Box
2023-08-15 16:32:35,226 - INFO: Entry:0:1:1:18, init start
2023-08-15 16:32:35,228 - INFO: BaseInit 0:1:1:18 Transform
2023-08-15 16:32:35,229 - INFO: Entry:0:1:1:18:18, init start
2023-08-15 16:32:35,231 - INFO: BaseInit 0:1:1:18:18 real
2023-08-15 16:32:35,232 - INFO: Init Label:0:1:1:18:18.value, None, 0
2023-08-15 16:32:35,235 - INFO: Entry:0:1:1:18:18, init end
2023-08-15 16:32:35,236 - INFO: Entry:0:1:1:18:19, init start
2023-08-15 16:32:35,237 - INFO: BaseInit 0:1:1:18:19 Point
2023-08-15 16:32:35,239 - INFO: Entry:0:1:1:18:19:18, init start
2023-08-15 16:32:35,240 - INFO: BaseInit 0:1:1:18:19:18 real
2023-08-15 16:32:35,242 - INFO: Init Label:0:1:1:18:19:18.value, None, 0
2023-08-15 16:32:35,243 - INFO: Entry:0:1:1:18:19:18, init end
2023-08-15 16:32:35,244 - INFO: Entry:0:1:1:18:19:19, init start
2023-08-15 16:32:35,245 - INFO: BaseInit 0:1:1:18:19:19 real
2023-08-15 16:32:35,247 - INFO: Init Label:0:1:1:18:19:19.value, None, 0
2023-08-15 16:32:35,249 - INFO: Entry:0:1:1:18:19:19, init end
2023-08-15 16:32:35,249 - INFO: Entry:0:1:1:18:19:20, init start
2023-08-15 16:32:35,251 - INFO: BaseInit 0:1:1:18:19:20 real
2023-08-15 16:32:35,252 - INFO: Init Label:0:1:1:18:19:20.value, None, 0
2023-08-15 16:32:35,253 - INFO: Entry:0:1:1:18:19:20, init end
2023-08-15 16:32:35,257 - INFO: Entry:0:1:1:18:19, init end
2023-08-15 16:32:35,259 - INFO: Entry:0:1:1:18:20, init start
2023-08-15 16:32:35,260 - INFO: BaseInit 0:1:1:18:20 Point
2023-08-15 16:32:35,262 - INFO: Entry:0:1:1:18:20:18, init start
2023-08-15 16:32:35,263 - INFO: BaseInit 0:1:1:18:20:18 real
2023-08-15 16:32:35,264 - INFO: Init Label:0:1:1:18:20:18.value, None, 0
2023-08-15 16:32:35,266 - INFO: Entry:0:1:1:18:20:18, init end
2023-08-15 16:32:35,267 - INFO: Entry:0:1:1:18:20:19, init start
2023-08-15 16:32:35,268 - INFO: BaseInit 0:1:1:18:20:19 real
2023-08-15 16:32:35,270 - INFO: Init Label:0:1:1:18:20:19.value, None, 0
2023-08-15 16:32:35,271 - INFO: Entry:0:1:1:18:20:19, init end
2023-08-15 16:32:35,272 - INFO: Entry:0:1:1:18:20:20, init start
2023-08-15 16:32:35,275 - INFO: BaseInit 0:1:1:18:20:20 real
2023-08-15 16:32:35,276 - INFO: Init Label:0:1:1:18:20:20.value, None, 0
2023-08-15 16:32:35,277 - INFO: Entry:0:1:1:18:20:20, init end
2023-08-15 16:32:35,279 - INFO: Entry:0:1:1:18:20, init end
2023-08-15 16:32:35,282 - INFO: Entry:0:1:1:18, init end
2023-08-15 16:32:35,283 - INFO: Entry:0:1:1:19, init start
2023-08-15 16:32:35,285 - INFO: BaseInit 0:1:1:19 real
2023-08-15 16:32:35,286 - INFO: Init Label:0:1:1:19.value, None, 0
2023-08-15 16:32:35,288 - INFO: Entry:0:1:1:19, init end
2023-08-15 16:32:35,289 - INFO: Entry:0:1:1:20, init start
2023-08-15 16:32:35,290 - INFO: BaseInit 0:1:1:20 real
2023-08-15 16:32:35,292 - INFO: Init Label:0:1:1:20.value, None, 0
2023-08-15 16:32:35,293 - INFO: Entry:0:1:1:20, init end
2023-08-15 16:32:35,295 - INFO: Entry:0:1:1:21, init start
2023-08-15 16:32:35,296 - INFO: BaseInit 0:1:1:21 real
2023-08-15 16:32:35,298 - INFO: Init Label:0:1:1:21.value, None, 0
2023-08-15 16:32:35,299 - INFO: Entry:0:1:1:21, init end
2023-08-15 16:32:35,304 - INFO: -- commit command --
2023-08-15 16:32:35,307 - INFO: New Data Label 22d22e50-abca-11d4-8f1a-0060b0ee18e8 end
2023-08-15 16:32:36,435 - INFO: Selected Item:New Box
2023-08-15 16:32:36,436 - INFO: Process Show Label Start
2023-08-15 16:32:36,448 - INFO: Process Show Label End
2023-08-15 16:32:42,407 - INFO: Process Change Label Start
2023-08-15 16:32:42,408 - INFO: Start Change: 0:1:1:18:20:18, 0.0
2023-08-15 16:32:42,410 - INFO: -- NewConmand --
2023-08-15 16:32:42,422 - INFO: -- commit command --
2023-08-15 16:32:42,424 - INFO: End Change: 0:1:1:18:20:18, 0.0
2023-08-15 16:32:42,425 - INFO: Process Change Label End
2023-08-15 16:32:55,160 - INFO: Process Show Point Start
2023-08-15 16:32:55,162 - INFO: Process Show Point End
2023-08-15 16:33:09,357 - INFO: Process Show Point Start
2023-08-15 16:33:09,358 - INFO: Process Show Point End
2023-08-15 16:33:09,561 - INFO: Process Show Point Start
2023-08-15 16:33:09,563 - INFO: Process Show Point End
2023-08-15 16:33:11,640 - INFO: Process Show Point Start
2023-08-15 16:33:11,642 - INFO: Process Show Point End
2023-08-15 16:33:14,272 - INFO: Process Show Point Start
2023-08-15 16:33:14,273 - INFO: Process Show Point End
2023-08-15 16:33:14,591 - INFO: Process Show Point Start
2023-08-15 16:33:14,593 - INFO: Process Show Point End
2023-08-15 16:33:15,204 - INFO: Process Show Point Start
2023-08-15 16:33:15,206 - INFO: Process Show Point End
2023-08-15 16:33:15,572 - INFO: Process Show Point Start
2023-08-15 16:33:15,573 - INFO: Process Show Point End
2023-08-15 16:33:15,732 - INFO: Process Show Point Start
2023-08-15 16:33:15,733 - INFO: Process Show Point End
2023-08-15 16:33:16,662 - INFO: Process Show Point Start
2023-08-15 16:33:16,663 - INFO: Process Show Point End
2023-08-15 16:33:18,518 - INFO: Process Change Label Start
2023-08-15 16:33:18,519 - INFO: Start Change: 0:1:1:18:19:19, 0.0
2023-08-15 16:33:18,521 - INFO: -- NewConmand --
2023-08-15 16:33:18,523 - INFO: -- commit command --
2023-08-15 16:33:18,525 - INFO: End Change: 0:1:1:18:19:19, 0.0
2023-08-15 16:33:18,527 - INFO: Process Change Label End
2023-08-15 16:33:18,648 - INFO: Selected Item:New Box
2023-08-15 16:33:18,650 - INFO: Process Show Label Start
2023-08-15 16:33:18,655 - INFO: Process Change Label Start
2023-08-15 16:33:18,657 - INFO: Start Change: 0:1:1:18:19:20, 0.0
2023-08-15 16:33:18,659 - INFO: -- NewConmand --
2023-08-15 16:33:18,662 - INFO: -- commit command --
2023-08-15 16:33:18,663 - INFO: End Change: 0:1:1:18:19:20, 0.0
2023-08-15 16:33:18,665 - INFO: Process Change Label End
2023-08-15 16:33:18,668 - INFO: Process Change Label Start
2023-08-15 16:33:18,670 - INFO: Start Change: 0:1:1:18:20:19, 0.0
2023-08-15 16:33:18,671 - INFO: -- NewConmand --
2023-08-15 16:33:18,674 - INFO: -- commit command --
2023-08-15 16:33:18,675 - INFO: End Change: 0:1:1:18:20:19, 0.0
2023-08-15 16:33:18,677 - INFO: Process Change Label End
2023-08-15 16:33:18,678 - INFO: Process Change Label Start
2023-08-15 16:33:18,680 - INFO: Start Change: 0:1:1:18:20:20, 0.0
2023-08-15 16:33:18,682 - INFO: -- NewConmand --
2023-08-15 16:33:18,685 - INFO: -- commit command --
2023-08-15 16:33:18,686 - INFO: End Change: 0:1:1:18:20:20, 0.0
2023-08-15 16:33:18,688 - INFO: Process Change Label End
2023-08-15 16:33:18,690 - INFO: Process Change Label Start
2023-08-15 16:33:18,691 - INFO: Start Change: 0:1:1:19, 0.0
2023-08-15 16:33:18,692 - INFO: -- NewConmand --
2023-08-15 16:33:18,695 - INFO: -- commit command --
2023-08-15 16:33:18,697 - INFO: End Change: 0:1:1:19, 0.0
2023-08-15 16:33:18,698 - INFO: Process Change Label End
2023-08-15 16:33:18,700 - INFO: Process Change Label Start
2023-08-15 16:33:18,701 - INFO: Start Change: 0:1:1:20, 0.0
2023-08-15 16:33:18,703 - INFO: -- NewConmand --
2023-08-15 16:33:18,705 - INFO: -- commit command --
2023-08-15 16:33:18,707 - INFO: End Change: 0:1:1:20, 0.0
2023-08-15 16:33:18,708 - INFO: Process Change Label End
2023-08-15 16:33:18,711 - INFO: Process Change Label Start
2023-08-15 16:33:18,713 - INFO: Start Change: 0:1:1:21, 0.0
2023-08-15 16:33:18,714 - INFO: -- NewConmand --
2023-08-15 16:33:18,716 - INFO: -- commit command --
2023-08-15 16:33:18,719 - INFO: End Change: 0:1:1:21, 0.0
2023-08-15 16:33:18,720 - INFO: Process Change Label End
2023-08-15 16:33:18,740 - INFO: Process Show Label End
2023-08-15 16:33:21,712 - INFO: Process Change Label Start
2023-08-15 16:33:21,714 - INFO: Start Change: 0:1:1:18:20:18, 0.0
2023-08-15 16:33:21,715 - INFO: -- NewConmand --
2023-08-15 16:33:21,717 - INFO: -- commit command --
2023-08-15 16:33:21,720 - INFO: End Change: 0:1:1:18:20:18, 0.0
2023-08-15 16:33:21,721 - INFO: Process Change Label End
2023-08-15 16:33:23,699 - INFO: Process Change Label Start
2023-08-15 16:33:23,700 - INFO: Start Change: 0:1:1:19, 100
2023-08-15 16:33:23,701 - INFO: -- NewConmand --
2023-08-15 16:33:23,704 - INFO: -- commit command --
2023-08-15 16:33:23,706 - INFO: End Change: 0:1:1:19, 100
2023-08-15 16:33:23,707 - INFO: Process Change Label End
2023-08-15 16:33:24,337 - INFO: Process Change Label Start
2023-08-15 16:33:24,339 - INFO: Start Change: 0:1:1:20, 100
2023-08-15 16:33:24,340 - INFO: -- NewConmand --
2023-08-15 16:33:24,343 - INFO: -- commit command --
2023-08-15 16:33:24,345 - INFO: End Change: 0:1:1:20, 100
2023-08-15 16:33:24,346 - INFO: Process Change Label End
2023-08-15 16:33:24,920 - INFO: Process Change Label Start
2023-08-15 16:33:24,922 - INFO: Start Change: 0:1:1:21, 100
2023-08-15 16:33:24,923 - INFO: -- NewConmand --
2023-08-15 16:33:24,928 - INFO: -- commit command --
2023-08-15 16:33:24,957 - INFO: End Change: 0:1:1:21, 100
2023-08-15 16:33:24,959 - INFO: Process Change Label End
2023-08-15 16:37:46,366 - INFO: Application Start
2023-08-15 16:37:46,829 - INFO: change to opertor to viewer
