
2023-08-14 16:56:53,703 - WARNING: Entry:0:1:1, type:Wire, Execute Falied

2023-08-14 16:57:06,275 - WARNING: Entry:0:1:2, type:Box, Execute Falied

2023-08-14 20:58:07,772 - WARNING: Entry:0:1:1, type:Box, Execute Falied

2023-08-14 20:59:32,612 - WARNING: Entry:0:1:3, type:Wire, Execute Falied

2023-08-14 20:59:42,011 - WARNING: Entry:0:1:3:18:125, type:ShapeRef, Init Falied

2023-08-14 20:59:42,015 - WARNING: Entry:0:1:3:18:126, type:ShapeRef, Init Falied

2023-08-14 20:59:42,019 - WARNING: Entry:0:1:3:18:127, type:ShapeRef, Init Falied

2023-08-14 20:59:42,023 - WARNING: Entry:0:1:3:18:128, type:ShapeRef, Init Falied

2023-08-14 20:59:42,026 - WARNING: Entry:0:1:3:18:129, type:ShapeRef, Init Falied

2023-08-14 20:59:42,031 - WARNING: Entry:0:1:3:18:130, type:ShapeRef, Init Falied

2023-08-14 20:59:42,035 - WARNING: Entry:0:1:3:18:131, type:ShapeRef, Init Falied

2023-08-14 20:59:42,038 - WARNING: Entry:0:1:3:18:132, type:ShapeRef, Init Falied

2023-08-14 20:59:42,042 - WARNING: Entry:0:1:3:18:133, type:ShapeRef, Init Falied

2023-08-14 20:59:42,046 - WARNING: Entry:0:1:3:18:134, type:ShapeRef, Init Falied

2023-08-14 20:59:42,049 - WARNING: Entry:0:1:3:18:135, type:ShapeRef, Init Falied

2023-08-14 20:59:42,054 - WARNING: Entry:0:1:3:18:136, type:ShapeRef, Init Falied

2023-08-14 20:59:42,058 - WARNING: Entry:0:1:3:18:137, type:ShapeRef, Init Falied

2023-08-14 20:59:42,062 - WARNING: Entry:0:1:3:18:138, type:ShapeRef, Init Falied

2023-08-14 20:59:42,066 - WARNING: Entry:0:1:3:18:139, type:ShapeRef, Init Falied

2023-08-14 20:59:42,069 - WARNING: Entry:0:1:3:18:140, type:ShapeRef, Init Falied

2023-08-14 20:59:42,073 - WARNING: Entry:0:1:3:18:141, type:ShapeRef, Init Falied

2023-08-14 20:59:42,077 - WARNING: Entry:0:1:3:18:142, type:ShapeRef, Init Falied

2023-08-14 20:59:42,081 - WARNING: Entry:0:1:3:18:143, type:ShapeRef, Init Falied

2023-08-14 20:59:42,085 - WARNING: Entry:0:1:3:18:144, type:ShapeRef, Init Falied

2023-08-14 20:59:42,088 - WARNING: Entry:0:1:3:18:125 not found reference

2023-08-14 20:59:42,091 - WARNING: Entry:0:1:3:18:125 not found reference

2023-08-14 20:59:42,093 - WARNING: Entry:0:1:3:18:126 not found reference

2023-08-14 20:59:42,095 - WARNING: Entry:0:1:3:18:126 not found reference

2023-08-14 20:59:42,097 - WARNING: Entry:0:1:3:18:127 not found reference

2023-08-14 20:59:42,098 - WARNING: Entry:0:1:3:18:127 not found reference

2023-08-14 20:59:42,100 - WARNING: Entry:0:1:3:18:128 not found reference

2023-08-14 20:59:42,102 - WARNING: Entry:0:1:3:18:128 not found reference

2023-08-14 20:59:42,104 - WARNING: Entry:0:1:3:18:129 not found reference

2023-08-14 20:59:42,105 - WARNING: Entry:0:1:3:18:129 not found reference

2023-08-14 20:59:42,107 - WARNING: Entry:0:1:3:18:130 not found reference

2023-08-14 20:59:42,108 - WARNING: Entry:0:1:3:18:130 not found reference

2023-08-14 20:59:42,110 - WARNING: Entry:0:1:3:18:131 not found reference

2023-08-14 20:59:42,112 - WARNING: Entry:0:1:3:18:131 not found reference

2023-08-14 20:59:42,114 - WARNING: Entry:0:1:3:18:132 not found reference

2023-08-14 20:59:42,116 - WARNING: Entry:0:1:3:18:132 not found reference

2023-08-14 20:59:42,118 - WARNING: Entry:0:1:3:18:133 not found reference

2023-08-14 20:59:42,119 - WARNING: Entry:0:1:3:18:133 not found reference

2023-08-14 20:59:42,122 - WARNING: Entry:0:1:3:18:134 not found reference

2023-08-14 20:59:42,123 - WARNING: Entry:0:1:3:18:134 not found reference

2023-08-14 20:59:42,125 - WARNING: Entry:0:1:3:18:135 not found reference

2023-08-14 20:59:42,127 - WARNING: Entry:0:1:3:18:135 not found reference

2023-08-14 20:59:42,129 - WARNING: Entry:0:1:3:18:136 not found reference

2023-08-14 20:59:42,130 - WARNING: Entry:0:1:3:18:136 not found reference

2023-08-14 20:59:42,132 - WARNING: Entry:0:1:3:18:137 not found reference

2023-08-14 20:59:42,134 - WARNING: Entry:0:1:3:18:137 not found reference

2023-08-14 20:59:42,136 - WARNING: Entry:0:1:3:18:138 not found reference

2023-08-14 20:59:42,137 - WARNING: Entry:0:1:3:18:138 not found reference

2023-08-14 20:59:42,140 - WARNING: Entry:0:1:3:18:139 not found reference

2023-08-14 20:59:42,141 - WARNING: Entry:0:1:3:18:139 not found reference

2023-08-14 20:59:42,144 - WARNING: Entry:0:1:3:18:140 not found reference

2023-08-14 20:59:42,145 - WARNING: Entry:0:1:3:18:140 not found reference

2023-08-14 20:59:42,148 - WARNING: Entry:0:1:3:18:141 not found reference

2023-08-14 20:59:42,150 - WARNING: Entry:0:1:3:18:141 not found reference

2023-08-14 20:59:42,153 - WARNING: Entry:0:1:3:18:142 not found reference

2023-08-14 20:59:42,154 - WARNING: Entry:0:1:3:18:142 not found reference

2023-08-14 20:59:42,156 - WARNING: Entry:0:1:3:18:143 not found reference

2023-08-14 20:59:42,158 - WARNING: Entry:0:1:3:18:143 not found reference

2023-08-14 20:59:42,161 - WARNING: Entry:0:1:3:18:144 not found reference

2023-08-14 20:59:42,162 - WARNING: Entry:0:1:3:18:144 not found reference

2023-08-14 20:59:46,884 - WARNING: Ref Null IsError

2023-08-14 20:59:46,887 - WARNING: Entry:0:1:3:18:125 not found reference

2023-08-14 20:59:46,888 - WARNING: Entry:0:1:3:18:125 not found reference
